<?xml version="1.0" encoding="UTF-8"?>
<!-- Generated by org.testng.reporters.JUnitReportReporter -->
<testsuite hostname="senadhian" failures="0" tests="2" name="demo.TestngDemo" time="0.072" errors="0" timestamp="28 Jul 2020 08:31:02 GMT" skipped="0">
  <testcase classname="demo.TestngDemo" name="test1" time="0.036"/>
  <testcase classname="demo.TestngDemo" name="test2" time="0.036"/>
</testsuite> <!-- demo.TestngDemo -->
